<?xml version="1.0" encoding="UTF-8"?>
<!-- Generated by org.testng.reporters.JUnitReportReporter -->
<testsuite hostname="DELL" failures="0" tests="1" name="pom_TestCases.LoginPage_TestCase" time="52.069" errors="0" timestamp="2021-02-04T11:39:50 IST" skipped="0">
  <testcase classname="pom_TestCases.LoginPage_TestCase" name="dologin" time="52.069"/>
  <system-out/>
</testsuite> <!-- pom_TestCases.LoginPage_TestCase -->
